<?xml version="1.0" encoding="UTF-8"?>
<!-- Generated by org.testng.reporters.JUnitReportReporter -->
<testsuite hostname="LAPTOP-VAJ827G9" failures="0" tests="1" name="mavennewdem.TestNGRunner" time="6.798" errors="0" timestamp="2021-12-12T19:31:10 IST" skipped="0">
  <testcase classname="mavennewdem.TestNGRunner" name="runScenario" time="6.798"/>
  <system-out/>
</testsuite> <!-- mavennewdem.TestNGRunner -->
